{"error":"Failed to take screenshot","message":"Browser launch failed: Failed to launch the browser process!\n/tmp/chromium: error while loading shared libraries: libnss3.so: cannot open shared object file: No such file or directory\n\n\nTROUBLESHOOTING: https://pptr.dev/troubleshooting\n","stack":"Error: Browser launch failed: Failed to launch the browser process!\n/tmp/chromium: error while loading shared libraries: libnss3.so: cannot open shared object file: No such file or directory\n\n\nTROUBLESHOOTING: https://pptr.dev/troubleshooting\n\n    at module.exports [as handler] (/var/task/api/screenshot.js:44:23)\n    at process.processTicksAndRejections (node:internal/process/task_queues:105:5)\n    at async r (/opt/rust/nodejs.js:2:15572)\n    at async Server.<anonymous> (/opt/rust/nodejs.js:2:11594)\n    at async Server.<anonymous> (/opt/rust/nodejs.js:17:9988)","details":"Check Vercel Function Logs for more info"}